<?xml version="1.0" encoding="UTF-8"?>
<testng-results ignored="0" total="1" passed="1" failed="0" skipped="0">
  <reporter-output>
  </reporter-output>
  <suite started-at="2021-10-27T18:31:36 IST" name="Default suite" finished-at="2021-10-27T18:31:38 IST" duration-ms="1618">
    <groups>
    </groups>
    <test started-at="2021-10-27T18:31:36 IST" name="Default test" finished-at="2021-10-27T18:31:38 IST" duration-ms="1618">
      <class name="RestAssurePackage.LogoutTest">
        <test-method signature="main()[pri:0, instance:RestAssurePackage.LogoutTest@185a6e9]" started-at="2021-10-27T18:31:36 IST" name="main" finished-at="2021-10-27T18:31:38 IST" duration-ms="1589" status="PASS">
          <reporter-output>
          </reporter-output>
        </test-method> <!-- main -->
      </class> <!-- RestAssurePackage.LogoutTest -->
    </test> <!-- Default test -->
  </suite> <!-- Default suite -->
</testng-results>
