<?xml version="1.0" encoding="UTF-8"?>
<testng-results ignored="0" total="6" passed="6" failed="0" skipped="0">
  <reporter-output>
  </reporter-output>
  <suite started-at="2021-10-08T10:02:20 IST" name="Suite" finished-at="2021-10-08T10:02:20 IST" duration-ms="56">
    <groups>
    </groups>
    <test started-at="2021-10-08T10:02:20 IST" name="Test" finished-at="2021-10-08T10:02:20 IST" duration-ms="56">
      <class name="training.selenium.Day3.TestNG_1">
        <test-method signature="testMethod2()[pri:0, instance:training.selenium.Day3.TestNG_1@1573f9fc]" started-at="2021-10-08T10:02:20 IST" name="testMethod2" finished-at="2021-10-08T10:02:20 IST" duration-ms="6" status="PASS">
          <reporter-output>
          </reporter-output>
        </test-method> <!-- testMethod2 -->
        <test-method signature="testMethod3()[pri:1, instance:training.selenium.Day3.TestNG_1@1573f9fc]" started-at="2021-10-08T10:02:20 IST" name="testMethod3" finished-at="2021-10-08T10:02:20 IST" duration-ms="1" status="PASS">
          <reporter-output>
          </reporter-output>
        </test-method> <!-- testMethod3 -->
        <test-method signature="testMethod1()[pri:0, instance:training.selenium.Day3.TestNG_1@1573f9fc]" started-at="2021-10-08T10:02:20 IST" name="testMethod1" finished-at="2021-10-08T10:02:20 IST" depends-on-methods="training.selenium.Day3.TestNG_1.testMethod2" duration-ms="1" status="PASS">
          <reporter-output>
          </reporter-output>
        </test-method> <!-- testMethod1 -->
      </class> <!-- training.selenium.Day3.TestNG_1 -->
      <class name="training.selenium.Day3.TestNG_DataProvider">
        <test-method signature="testMethod2(java.lang.String,int)[pri:0, instance:training.selenium.Day3.TestNG_DataProvider@6989da5e]" started-at="2021-10-08T10:02:20 IST" name="testMethod2" data-provider="ABC" finished-at="2021-10-08T10:02:20 IST" duration-ms="6" status="PASS">
          <params>
            <param index="0">
              <value>
                <![CDATA[First-Value]]>
              </value>
            </param>
            <param index="1">
              <value>
                <![CDATA[1]]>
              </value>
            </param>
          </params>
          <reporter-output>
          </reporter-output>
        </test-method> <!-- testMethod2 -->
        <test-method signature="testMethod2(java.lang.String,int)[pri:0, instance:training.selenium.Day3.TestNG_DataProvider@6989da5e]" started-at="2021-10-08T10:02:20 IST" name="testMethod2" data-provider="ABC" finished-at="2021-10-08T10:02:20 IST" duration-ms="1" status="PASS">
          <params>
            <param index="0">
              <value>
                <![CDATA[Second-Value]]>
              </value>
            </param>
            <param index="1">
              <value>
                <![CDATA[2]]>
              </value>
            </param>
          </params>
          <reporter-output>
          </reporter-output>
        </test-method> <!-- testMethod2 -->
        <test-method signature="testMethod3()[pri:0, instance:training.selenium.Day3.TestNG_DataProvider@6989da5e]" started-at="2021-10-08T10:02:20 IST" name="testMethod3" finished-at="2021-10-08T10:02:20 IST" duration-ms="0" status="PASS">
          <reporter-output>
          </reporter-output>
        </test-method> <!-- testMethod3 -->
      </class> <!-- training.selenium.Day3.TestNG_DataProvider -->
    </test> <!-- Test -->
  </suite> <!-- Suite -->
</testng-results>
