<?xml version="1.0" encoding="UTF-8"?>
<!-- Generated by org.testng.reporters.JUnitXMLReporter -->
<testsuite ignored="0" hostname="DESKTOP-4V3322R" failures="0" tests="6" name="Test" time="0.056" errors="0" timestamp="2021-10-08T10:02:20 IST">
  <testcase classname="training.selenium.Day3.TestNG_1" name="testMethod2" time="0.006"/>
  <testcase classname="training.selenium.Day3.TestNG_DataProvider" name="testMethod2" time="0.006"/>
  <testcase classname="training.selenium.Day3.TestNG_1" name="testMethod3" time="0.001"/>
  <testcase classname="training.selenium.Day3.TestNG_DataProvider" name="testMethod2" time="0.001"/>
  <testcase classname="training.selenium.Day3.TestNG_DataProvider" name="testMethod3" time="0.0"/>
  <testcase classname="training.selenium.Day3.TestNG_1" name="testMethod1" time="0.001"/>
</testsuite> <!-- Test -->
